<?xml version="1.0" encoding="UTF-8" ?>
<!---Students grades are uploaded by months---->