<!---Students grades are uploaded by months---->